<?xml version="1.0" encoding="UTF-8"?>
<testng-results ignored="1" total="2" passed="1" failed="0" skipped="0">
  <reporter-output>
  </reporter-output>
  <suite started-at="2023-05-17T16:56:47 IST" name="Default suite" finished-at="2023-05-17T16:57:48 IST" duration-ms="60831">
    <groups>
    </groups>
    <test started-at="2023-05-17T16:56:47 IST" name="Default test" finished-at="2023-05-17T16:57:48 IST" duration-ms="60831">
      <class name="Demo.AppiumFramework.TestHybridApp">
        <test-method signature="test3()[pri:0, instance:Demo.AppiumFramework.TestHybridApp@2ddc9a9f]" started-at="2023-05-17T16:56:47 IST" name="test3" finished-at="2023-05-17T16:57:48 IST" duration-ms="60748" status="PASS">
          <reporter-output>
          </reporter-output>
        </test-method> <!-- test3 -->
      </class> <!-- Demo.AppiumFramework.TestHybridApp -->
    </test> <!-- Default test -->
  </suite> <!-- Default suite -->
</testng-results>
